Starting job on Fri Jun 14 16:50:49 BST 2024

WARNING: Global batch size changed from 256 to 32.

AMP=false, 1x16x2 (global batch size 32)

/work/y07/shared/cirrus-software/pytorch/1.13.1-gpu/python/3.10.8/lib/python3.10/site-packages/torch/distributed/launch.py:180: FutureWarning: The module torch.distributed.launch is deprecated
and will be removed in future. Use torchrun.
Note that --use_env is set by default in torchrun.
If your script expects `--local_rank` argument to be set, please
change it to read from `os.environ['LOCAL_RANK']` instead. See 
https://pytorch.org/docs/stable/distributed.html#launch-utility for 
further instructions

  warnings.warn(
/work/y07/shared/cirrus-software/pytorch/1.13.1-gpu/python/3.10.8/lib/python3.10/site-packages/torch/functional.py:1682: UserWarning: torch.lu is deprecated in favor of torch.linalg.lu_factor / torch.linalg.lu_factor_ex and will be removed in a future PyTorch release.
LU, pivots = torch.lu(A, compute_pivots)
should be replaced with
LU, pivots = torch.linalg.lu_factor(A, compute_pivots)
and
LU, pivots, info = torch.lu(A, compute_pivots, get_infos=True)
should be replaced with
LU, pivots, info = torch.linalg.lu_factor_ex(A, compute_pivots) (Triggered internally at ../aten/src/ATen/native/BatchLinearAlgebra.cpp:1915.)
  return torch._lu_with_info(A, pivot=pivot, check_errors=(not get_infos))
wandb: WARNING wandb.init() arguments ignored because wandb magic has already been initialized
wandb: Tracking run with wandb version 0.16.3
wandb: W&B syncing is set to `offline` in this directory.  
wandb: Run `wandb online` or set WANDB_MODE=online to enable cloud syncing.
Weights and Biases run name: 
/mnt/lustre/e1000/home/tc062/tc062/iakovial/FastPitches/PyTorch/SpeechSynthesis/FastPitch/common/stft.py:67: FutureWarning: Pass size=1024 as keyword args. From version 0.10 passing these as positional arguments will result in an error
  fft_window = pad_center(fft_window, filter_length)
/mnt/lustre/e1000/home/tc062/tc062/iakovial/FastPitches/PyTorch/SpeechSynthesis/FastPitch/common/layers.py:96: FutureWarning: Pass sr=22050, n_fft=1024, n_mels=80, fmin=0.0, fmax=8000.0 as keyword args. From version 0.10 passing these as positional arguments will result in an error
  mel_basis = librosa_mel_fn(
epoch 1 out of 1000
epoch 2 out of 1000
epoch 3 out of 1000
epoch 4 out of 1000
epoch 5 out of 1000
epoch 6 out of 1000
epoch 7 out of 1000
epoch 8 out of 1000
epoch 9 out of 1000
epoch 10 out of 1000
epoch 11 out of 1000
epoch 12 out of 1000
epoch 13 out of 1000
epoch 14 out of 1000
epoch 15 out of 1000
epoch 16 out of 1000
epoch 17 out of 1000
epoch 18 out of 1000
epoch 19 out of 1000
epoch 20 out of 1000
epoch 21 out of 1000
epoch 22 out of 1000
epoch 23 out of 1000
epoch 24 out of 1000
epoch 25 out of 1000
epoch 26 out of 1000
epoch 27 out of 1000
epoch 28 out of 1000
epoch 29 out of 1000
epoch 30 out of 1000
epoch 31 out of 1000
epoch 32 out of 1000
epoch 33 out of 1000
epoch 34 out of 1000
epoch 35 out of 1000
epoch 36 out of 1000
epoch 37 out of 1000
epoch 38 out of 1000
epoch 39 out of 1000
epoch 40 out of 1000
epoch 41 out of 1000
epoch 42 out of 1000
epoch 43 out of 1000
epoch 44 out of 1000
epoch 45 out of 1000
epoch 46 out of 1000
epoch 47 out of 1000
epoch 48 out of 1000
epoch 49 out of 1000
epoch 50 out of 1000
epoch 51 out of 1000
epoch 52 out of 1000
epoch 53 out of 1000
epoch 54 out of 1000
epoch 55 out of 1000
epoch 56 out of 1000
epoch 57 out of 1000
epoch 58 out of 1000
epoch 59 out of 1000
epoch 60 out of 1000
epoch 61 out of 1000
epoch 62 out of 1000
epoch 63 out of 1000
epoch 64 out of 1000
epoch 65 out of 1000
epoch 66 out of 1000
epoch 67 out of 1000
epoch 68 out of 1000
epoch 69 out of 1000
epoch 70 out of 1000
epoch 71 out of 1000
epoch 72 out of 1000
epoch 73 out of 1000
epoch 74 out of 1000
epoch 75 out of 1000
epoch 76 out of 1000
epoch 77 out of 1000
epoch 78 out of 1000
epoch 79 out of 1000
epoch 80 out of 1000
epoch 81 out of 1000
epoch 82 out of 1000
epoch 83 out of 1000
epoch 84 out of 1000
epoch 85 out of 1000
epoch 86 out of 1000
epoch 87 out of 1000
epoch 88 out of 1000
epoch 89 out of 1000
epoch 90 out of 1000
epoch 91 out of 1000
epoch 92 out of 1000
epoch 93 out of 1000
epoch 94 out of 1000
epoch 95 out of 1000
epoch 96 out of 1000
epoch 97 out of 1000
epoch 98 out of 1000
epoch 99 out of 1000
epoch 100 out of 1000
Saving model and optimizer state at epoch 100 to ./output/FastPitch_checkpoint_100.pt
epoch 101 out of 1000
epoch 102 out of 1000
epoch 103 out of 1000
epoch 104 out of 1000
epoch 105 out of 1000
epoch 106 out of 1000
epoch 107 out of 1000
epoch 108 out of 1000
epoch 109 out of 1000
epoch 110 out of 1000
epoch 111 out of 1000
epoch 112 out of 1000
epoch 113 out of 1000
epoch 114 out of 1000
epoch 115 out of 1000
epoch 116 out of 1000
epoch 117 out of 1000
epoch 118 out of 1000
epoch 119 out of 1000
epoch 120 out of 1000
epoch 121 out of 1000
epoch 122 out of 1000
epoch 123 out of 1000
epoch 124 out of 1000
epoch 125 out of 1000
epoch 126 out of 1000
epoch 127 out of 1000
epoch 128 out of 1000
epoch 129 out of 1000
epoch 130 out of 1000
epoch 131 out of 1000
epoch 132 out of 1000
epoch 133 out of 1000
epoch 134 out of 1000
epoch 135 out of 1000
epoch 136 out of 1000
epoch 137 out of 1000
epoch 138 out of 1000
epoch 139 out of 1000
epoch 140 out of 1000
epoch 141 out of 1000
epoch 142 out of 1000
epoch 143 out of 1000
epoch 144 out of 1000
epoch 145 out of 1000
epoch 146 out of 1000
epoch 147 out of 1000
epoch 148 out of 1000
epoch 149 out of 1000
epoch 150 out of 1000
epoch 151 out of 1000
epoch 152 out of 1000
epoch 153 out of 1000
epoch 154 out of 1000
epoch 155 out of 1000
epoch 156 out of 1000
epoch 157 out of 1000
epoch 158 out of 1000
epoch 159 out of 1000
epoch 160 out of 1000
epoch 161 out of 1000
epoch 162 out of 1000
epoch 163 out of 1000
epoch 164 out of 1000
epoch 165 out of 1000
epoch 166 out of 1000
epoch 167 out of 1000
epoch 168 out of 1000
epoch 169 out of 1000
epoch 170 out of 1000
epoch 171 out of 1000
epoch 172 out of 1000
epoch 173 out of 1000
epoch 174 out of 1000
epoch 175 out of 1000
epoch 176 out of 1000
epoch 177 out of 1000
epoch 178 out of 1000
epoch 179 out of 1000
epoch 180 out of 1000
epoch 181 out of 1000
epoch 182 out of 1000
epoch 183 out of 1000
epoch 184 out of 1000
epoch 185 out of 1000
epoch 186 out of 1000
epoch 187 out of 1000
epoch 188 out of 1000
epoch 189 out of 1000
epoch 190 out of 1000
epoch 191 out of 1000
epoch 192 out of 1000
epoch 193 out of 1000
epoch 194 out of 1000
epoch 195 out of 1000
epoch 196 out of 1000
epoch 197 out of 1000
epoch 198 out of 1000
epoch 199 out of 1000
epoch 200 out of 1000
Saving model and optimizer state at epoch 200 to ./output/FastPitch_checkpoint_200.pt
epoch 201 out of 1000
epoch 202 out of 1000
epoch 203 out of 1000
epoch 204 out of 1000
epoch 205 out of 1000
epoch 206 out of 1000
epoch 207 out of 1000
epoch 208 out of 1000
epoch 209 out of 1000
epoch 210 out of 1000
epoch 211 out of 1000
epoch 212 out of 1000
epoch 213 out of 1000
epoch 214 out of 1000
epoch 215 out of 1000
epoch 216 out of 1000
epoch 217 out of 1000
epoch 218 out of 1000
epoch 219 out of 1000
epoch 220 out of 1000
epoch 221 out of 1000
epoch 222 out of 1000
epoch 223 out of 1000
epoch 224 out of 1000
epoch 225 out of 1000
epoch 226 out of 1000
epoch 227 out of 1000
epoch 228 out of 1000
epoch 229 out of 1000
epoch 230 out of 1000
epoch 231 out of 1000
epoch 232 out of 1000
epoch 233 out of 1000
epoch 234 out of 1000
epoch 235 out of 1000
epoch 236 out of 1000
epoch 237 out of 1000
epoch 238 out of 1000
epoch 239 out of 1000
epoch 240 out of 1000
epoch 241 out of 1000
epoch 242 out of 1000
epoch 243 out of 1000
epoch 244 out of 1000
epoch 245 out of 1000
epoch 246 out of 1000
epoch 247 out of 1000
epoch 248 out of 1000
epoch 249 out of 1000
epoch 250 out of 1000
epoch 251 out of 1000
epoch 252 out of 1000
epoch 253 out of 1000
epoch 254 out of 1000
epoch 255 out of 1000
epoch 256 out of 1000
epoch 257 out of 1000
epoch 258 out of 1000
epoch 259 out of 1000
epoch 260 out of 1000
epoch 261 out of 1000
epoch 262 out of 1000
epoch 263 out of 1000
epoch 264 out of 1000
epoch 265 out of 1000
epoch 266 out of 1000
epoch 267 out of 1000
epoch 268 out of 1000
epoch 269 out of 1000
epoch 270 out of 1000
epoch 271 out of 1000
epoch 272 out of 1000
epoch 273 out of 1000
epoch 274 out of 1000
epoch 275 out of 1000
epoch 276 out of 1000
epoch 277 out of 1000
epoch 278 out of 1000
epoch 279 out of 1000
epoch 280 out of 1000
epoch 281 out of 1000
epoch 282 out of 1000
epoch 283 out of 1000
epoch 284 out of 1000
epoch 285 out of 1000
epoch 286 out of 1000
epoch 287 out of 1000
epoch 288 out of 1000
epoch 289 out of 1000
epoch 290 out of 1000
epoch 291 out of 1000
epoch 292 out of 1000
epoch 293 out of 1000
epoch 294 out of 1000
epoch 295 out of 1000
epoch 296 out of 1000
epoch 297 out of 1000
epoch 298 out of 1000
epoch 299 out of 1000
epoch 300 out of 1000
Saving model and optimizer state at epoch 300 to ./output/FastPitch_checkpoint_300.pt
epoch 301 out of 1000
epoch 302 out of 1000
epoch 303 out of 1000
epoch 304 out of 1000
epoch 305 out of 1000
epoch 306 out of 1000
epoch 307 out of 1000
epoch 308 out of 1000
epoch 309 out of 1000
epoch 310 out of 1000
epoch 311 out of 1000
epoch 312 out of 1000
epoch 313 out of 1000
epoch 314 out of 1000
epoch 315 out of 1000
epoch 316 out of 1000
epoch 317 out of 1000
epoch 318 out of 1000
epoch 319 out of 1000
epoch 320 out of 1000
epoch 321 out of 1000
epoch 322 out of 1000
epoch 323 out of 1000
epoch 324 out of 1000
epoch 325 out of 1000
epoch 326 out of 1000
epoch 327 out of 1000
epoch 328 out of 1000
epoch 329 out of 1000
epoch 330 out of 1000
epoch 331 out of 1000
epoch 332 out of 1000
epoch 333 out of 1000
epoch 334 out of 1000
epoch 335 out of 1000
epoch 336 out of 1000
epoch 337 out of 1000
epoch 338 out of 1000
epoch 339 out of 1000
epoch 340 out of 1000
epoch 341 out of 1000
epoch 342 out of 1000
epoch 343 out of 1000
epoch 344 out of 1000
epoch 345 out of 1000
epoch 346 out of 1000
epoch 347 out of 1000
epoch 348 out of 1000
epoch 349 out of 1000
epoch 350 out of 1000
epoch 351 out of 1000
epoch 352 out of 1000
epoch 353 out of 1000
epoch 354 out of 1000
epoch 355 out of 1000
epoch 356 out of 1000
epoch 357 out of 1000
epoch 358 out of 1000
epoch 359 out of 1000
epoch 360 out of 1000
epoch 361 out of 1000
epoch 362 out of 1000
epoch 363 out of 1000
epoch 364 out of 1000
epoch 365 out of 1000
epoch 366 out of 1000
epoch 367 out of 1000
epoch 368 out of 1000
epoch 369 out of 1000
epoch 370 out of 1000
epoch 371 out of 1000
epoch 372 out of 1000
epoch 373 out of 1000
epoch 374 out of 1000
epoch 375 out of 1000
epoch 376 out of 1000
epoch 377 out of 1000
epoch 378 out of 1000
epoch 379 out of 1000
epoch 380 out of 1000
epoch 381 out of 1000
epoch 382 out of 1000
epoch 383 out of 1000
epoch 384 out of 1000
epoch 385 out of 1000
epoch 386 out of 1000
epoch 387 out of 1000
epoch 388 out of 1000
epoch 389 out of 1000
epoch 390 out of 1000
epoch 391 out of 1000
epoch 392 out of 1000
epoch 393 out of 1000
epoch 394 out of 1000
epoch 395 out of 1000
epoch 396 out of 1000
epoch 397 out of 1000
epoch 398 out of 1000
epoch 399 out of 1000
epoch 400 out of 1000
Saving model and optimizer state at epoch 400 to ./output/FastPitch_checkpoint_400.pt
epoch 401 out of 1000
epoch 402 out of 1000
epoch 403 out of 1000
epoch 404 out of 1000
epoch 405 out of 1000
epoch 406 out of 1000
epoch 407 out of 1000
epoch 408 out of 1000
epoch 409 out of 1000
epoch 410 out of 1000
epoch 411 out of 1000
epoch 412 out of 1000
epoch 413 out of 1000
epoch 414 out of 1000
epoch 415 out of 1000
epoch 416 out of 1000
epoch 417 out of 1000
epoch 418 out of 1000
epoch 419 out of 1000
epoch 420 out of 1000
epoch 421 out of 1000
epoch 422 out of 1000
epoch 423 out of 1000
epoch 424 out of 1000
epoch 425 out of 1000
epoch 426 out of 1000
epoch 427 out of 1000
epoch 428 out of 1000
epoch 429 out of 1000
epoch 430 out of 1000
epoch 431 out of 1000
epoch 432 out of 1000
epoch 433 out of 1000
epoch 434 out of 1000
epoch 435 out of 1000
epoch 436 out of 1000
epoch 437 out of 1000
epoch 438 out of 1000
epoch 439 out of 1000
epoch 440 out of 1000
epoch 441 out of 1000
epoch 442 out of 1000
epoch 443 out of 1000
epoch 444 out of 1000
epoch 445 out of 1000
epoch 446 out of 1000
epoch 447 out of 1000
epoch 448 out of 1000
epoch 449 out of 1000
epoch 450 out of 1000
epoch 451 out of 1000
epoch 452 out of 1000
epoch 453 out of 1000
epoch 454 out of 1000
epoch 455 out of 1000
epoch 456 out of 1000
epoch 457 out of 1000
epoch 458 out of 1000
epoch 459 out of 1000
epoch 460 out of 1000
epoch 461 out of 1000
epoch 462 out of 1000
epoch 463 out of 1000
epoch 464 out of 1000
epoch 465 out of 1000
epoch 466 out of 1000
epoch 467 out of 1000
epoch 468 out of 1000
epoch 469 out of 1000
epoch 470 out of 1000
epoch 471 out of 1000
epoch 472 out of 1000
epoch 473 out of 1000
epoch 474 out of 1000
epoch 475 out of 1000
epoch 476 out of 1000
epoch 477 out of 1000
epoch 478 out of 1000
epoch 479 out of 1000
epoch 480 out of 1000
epoch 481 out of 1000
epoch 482 out of 1000
epoch 483 out of 1000
epoch 484 out of 1000
epoch 485 out of 1000
epoch 486 out of 1000
epoch 487 out of 1000
epoch 488 out of 1000
epoch 489 out of 1000
epoch 490 out of 1000
epoch 491 out of 1000
epoch 492 out of 1000
epoch 493 out of 1000
epoch 494 out of 1000
epoch 495 out of 1000
epoch 496 out of 1000
epoch 497 out of 1000
epoch 498 out of 1000
epoch 499 out of 1000
epoch 500 out of 1000
Saving model and optimizer state at epoch 500 to ./output/FastPitch_checkpoint_500.pt
epoch 501 out of 1000
epoch 502 out of 1000
epoch 503 out of 1000
epoch 504 out of 1000
epoch 505 out of 1000
epoch 506 out of 1000
epoch 507 out of 1000
epoch 508 out of 1000
epoch 509 out of 1000
epoch 510 out of 1000
epoch 511 out of 1000
epoch 512 out of 1000
epoch 513 out of 1000
epoch 514 out of 1000
epoch 515 out of 1000
epoch 516 out of 1000
epoch 517 out of 1000
epoch 518 out of 1000
epoch 519 out of 1000
epoch 520 out of 1000
epoch 521 out of 1000
epoch 522 out of 1000
epoch 523 out of 1000
epoch 524 out of 1000
epoch 525 out of 1000
epoch 526 out of 1000
epoch 527 out of 1000
epoch 528 out of 1000
epoch 529 out of 1000
epoch 530 out of 1000
epoch 531 out of 1000
epoch 532 out of 1000
epoch 533 out of 1000
epoch 534 out of 1000
epoch 535 out of 1000
epoch 536 out of 1000
epoch 537 out of 1000
epoch 538 out of 1000
epoch 539 out of 1000
epoch 540 out of 1000
epoch 541 out of 1000
epoch 542 out of 1000
epoch 543 out of 1000
epoch 544 out of 1000
epoch 545 out of 1000
epoch 546 out of 1000
epoch 547 out of 1000
epoch 548 out of 1000
epoch 549 out of 1000
epoch 550 out of 1000
epoch 551 out of 1000
epoch 552 out of 1000
epoch 553 out of 1000
epoch 554 out of 1000
epoch 555 out of 1000
epoch 556 out of 1000
epoch 557 out of 1000
epoch 558 out of 1000
epoch 559 out of 1000
epoch 560 out of 1000
epoch 561 out of 1000
epoch 562 out of 1000
epoch 563 out of 1000
epoch 564 out of 1000
epoch 565 out of 1000
epoch 566 out of 1000
epoch 567 out of 1000
epoch 568 out of 1000
epoch 569 out of 1000
epoch 570 out of 1000
epoch 571 out of 1000
epoch 572 out of 1000
epoch 573 out of 1000
epoch 574 out of 1000
epoch 575 out of 1000
epoch 576 out of 1000
epoch 577 out of 1000
epoch 578 out of 1000
epoch 579 out of 1000
epoch 580 out of 1000
epoch 581 out of 1000
epoch 582 out of 1000
epoch 583 out of 1000
epoch 584 out of 1000
epoch 585 out of 1000
epoch 586 out of 1000
epoch 587 out of 1000
epoch 588 out of 1000
epoch 589 out of 1000
epoch 590 out of 1000
epoch 591 out of 1000
epoch 592 out of 1000
epoch 593 out of 1000
epoch 594 out of 1000
epoch 595 out of 1000
epoch 596 out of 1000
epoch 597 out of 1000
epoch 598 out of 1000
epoch 599 out of 1000
epoch 600 out of 1000
Saving model and optimizer state at epoch 600 to ./output/FastPitch_checkpoint_600.pt
epoch 601 out of 1000
epoch 602 out of 1000
epoch 603 out of 1000
epoch 604 out of 1000
epoch 605 out of 1000
epoch 606 out of 1000
epoch 607 out of 1000
epoch 608 out of 1000
epoch 609 out of 1000
epoch 610 out of 1000
epoch 611 out of 1000
epoch 612 out of 1000
epoch 613 out of 1000
epoch 614 out of 1000
epoch 615 out of 1000
epoch 616 out of 1000
epoch 617 out of 1000
epoch 618 out of 1000
epoch 619 out of 1000
epoch 620 out of 1000
epoch 621 out of 1000
epoch 622 out of 1000
epoch 623 out of 1000
epoch 624 out of 1000
epoch 625 out of 1000
epoch 626 out of 1000
epoch 627 out of 1000
epoch 628 out of 1000
epoch 629 out of 1000
epoch 630 out of 1000
epoch 631 out of 1000
epoch 632 out of 1000
epoch 633 out of 1000
epoch 634 out of 1000
epoch 635 out of 1000
epoch 636 out of 1000
epoch 637 out of 1000
epoch 638 out of 1000
epoch 639 out of 1000
epoch 640 out of 1000
epoch 641 out of 1000
epoch 642 out of 1000
epoch 643 out of 1000
epoch 644 out of 1000
epoch 645 out of 1000
epoch 646 out of 1000
epoch 647 out of 1000
epoch 648 out of 1000
epoch 649 out of 1000
epoch 650 out of 1000
epoch 651 out of 1000
epoch 652 out of 1000
epoch 653 out of 1000
epoch 654 out of 1000
epoch 655 out of 1000
epoch 656 out of 1000
epoch 657 out of 1000
epoch 658 out of 1000
epoch 659 out of 1000
epoch 660 out of 1000
epoch 661 out of 1000
epoch 662 out of 1000
epoch 663 out of 1000
epoch 664 out of 1000
epoch 665 out of 1000
epoch 666 out of 1000
epoch 667 out of 1000
epoch 668 out of 1000
epoch 669 out of 1000
epoch 670 out of 1000
epoch 671 out of 1000
epoch 672 out of 1000
epoch 673 out of 1000
epoch 674 out of 1000
epoch 675 out of 1000
epoch 676 out of 1000
epoch 677 out of 1000
epoch 678 out of 1000
epoch 679 out of 1000
epoch 680 out of 1000
epoch 681 out of 1000
epoch 682 out of 1000
epoch 683 out of 1000
epoch 684 out of 1000
epoch 685 out of 1000
epoch 686 out of 1000
epoch 687 out of 1000
epoch 688 out of 1000
epoch 689 out of 1000
epoch 690 out of 1000
epoch 691 out of 1000
epoch 692 out of 1000
epoch 693 out of 1000
epoch 694 out of 1000
epoch 695 out of 1000
epoch 696 out of 1000
epoch 697 out of 1000
epoch 698 out of 1000
epoch 699 out of 1000
epoch 700 out of 1000
Saving model and optimizer state at epoch 700 to ./output/FastPitch_checkpoint_700.pt
epoch 701 out of 1000
epoch 702 out of 1000
epoch 703 out of 1000
epoch 704 out of 1000
epoch 705 out of 1000
epoch 706 out of 1000
epoch 707 out of 1000
epoch 708 out of 1000
epoch 709 out of 1000
epoch 710 out of 1000
epoch 711 out of 1000
epoch 712 out of 1000
epoch 713 out of 1000
epoch 714 out of 1000
epoch 715 out of 1000
epoch 716 out of 1000
epoch 717 out of 1000
epoch 718 out of 1000
epoch 719 out of 1000
epoch 720 out of 1000
epoch 721 out of 1000
epoch 722 out of 1000
epoch 723 out of 1000
epoch 724 out of 1000
epoch 725 out of 1000
epoch 726 out of 1000
epoch 727 out of 1000
epoch 728 out of 1000
epoch 729 out of 1000
epoch 730 out of 1000
epoch 731 out of 1000
epoch 732 out of 1000
epoch 733 out of 1000
epoch 734 out of 1000
epoch 735 out of 1000
epoch 736 out of 1000
epoch 737 out of 1000
epoch 738 out of 1000
epoch 739 out of 1000
epoch 740 out of 1000
epoch 741 out of 1000
epoch 742 out of 1000
epoch 743 out of 1000
epoch 744 out of 1000
epoch 745 out of 1000
epoch 746 out of 1000
epoch 747 out of 1000
epoch 748 out of 1000
epoch 749 out of 1000
epoch 750 out of 1000
epoch 751 out of 1000
epoch 752 out of 1000
epoch 753 out of 1000
epoch 754 out of 1000
epoch 755 out of 1000
epoch 756 out of 1000
epoch 757 out of 1000
epoch 758 out of 1000
epoch 759 out of 1000
epoch 760 out of 1000
epoch 761 out of 1000
epoch 762 out of 1000
epoch 763 out of 1000
epoch 764 out of 1000
epoch 765 out of 1000
epoch 766 out of 1000
epoch 767 out of 1000
epoch 768 out of 1000
epoch 769 out of 1000
epoch 770 out of 1000
epoch 771 out of 1000
epoch 772 out of 1000
epoch 773 out of 1000
epoch 774 out of 1000
epoch 775 out of 1000
epoch 776 out of 1000
epoch 777 out of 1000
epoch 778 out of 1000
epoch 779 out of 1000
epoch 780 out of 1000
epoch 781 out of 1000
epoch 782 out of 1000
epoch 783 out of 1000
epoch 784 out of 1000
epoch 785 out of 1000
epoch 786 out of 1000
epoch 787 out of 1000
epoch 788 out of 1000
epoch 789 out of 1000
epoch 790 out of 1000
epoch 791 out of 1000
epoch 792 out of 1000
epoch 793 out of 1000
epoch 794 out of 1000
epoch 795 out of 1000
epoch 796 out of 1000
epoch 797 out of 1000
epoch 798 out of 1000
epoch 799 out of 1000
epoch 800 out of 1000
Saving model and optimizer state at epoch 800 to ./output/FastPitch_checkpoint_800.pt
epoch 801 out of 1000
epoch 802 out of 1000
epoch 803 out of 1000
epoch 804 out of 1000
epoch 805 out of 1000
epoch 806 out of 1000
epoch 807 out of 1000
epoch 808 out of 1000
epoch 809 out of 1000
epoch 810 out of 1000
epoch 811 out of 1000
epoch 812 out of 1000
epoch 813 out of 1000
epoch 814 out of 1000
epoch 815 out of 1000
epoch 816 out of 1000
epoch 817 out of 1000
epoch 818 out of 1000
epoch 819 out of 1000
epoch 820 out of 1000
epoch 821 out of 1000
epoch 822 out of 1000
epoch 823 out of 1000
epoch 824 out of 1000
epoch 825 out of 1000
epoch 826 out of 1000
epoch 827 out of 1000
epoch 828 out of 1000
epoch 829 out of 1000
epoch 830 out of 1000
epoch 831 out of 1000
epoch 832 out of 1000
epoch 833 out of 1000
epoch 834 out of 1000
epoch 835 out of 1000
epoch 836 out of 1000
epoch 837 out of 1000
epoch 838 out of 1000
epoch 839 out of 1000
epoch 840 out of 1000
epoch 841 out of 1000
epoch 842 out of 1000
epoch 843 out of 1000
epoch 844 out of 1000
epoch 845 out of 1000
epoch 846 out of 1000
epoch 847 out of 1000
epoch 848 out of 1000
epoch 849 out of 1000
epoch 850 out of 1000
epoch 851 out of 1000
epoch 852 out of 1000
epoch 853 out of 1000
epoch 854 out of 1000
epoch 855 out of 1000
epoch 856 out of 1000
epoch 857 out of 1000
epoch 858 out of 1000
epoch 859 out of 1000
epoch 860 out of 1000
epoch 861 out of 1000
epoch 862 out of 1000
epoch 863 out of 1000
epoch 864 out of 1000
epoch 865 out of 1000
epoch 866 out of 1000
epoch 867 out of 1000
epoch 868 out of 1000
epoch 869 out of 1000
epoch 870 out of 1000
epoch 871 out of 1000
epoch 872 out of 1000
epoch 873 out of 1000
epoch 874 out of 1000
epoch 875 out of 1000
epoch 876 out of 1000
epoch 877 out of 1000
epoch 878 out of 1000
epoch 879 out of 1000
epoch 880 out of 1000
epoch 881 out of 1000
epoch 882 out of 1000
epoch 883 out of 1000
epoch 884 out of 1000
epoch 885 out of 1000
epoch 886 out of 1000
epoch 887 out of 1000
epoch 888 out of 1000
epoch 889 out of 1000
epoch 890 out of 1000
epoch 891 out of 1000
epoch 892 out of 1000
epoch 893 out of 1000
epoch 894 out of 1000
epoch 895 out of 1000
epoch 896 out of 1000
epoch 897 out of 1000
epoch 898 out of 1000
epoch 899 out of 1000
epoch 900 out of 1000
Saving model and optimizer state at epoch 900 to ./output/FastPitch_checkpoint_900.pt
epoch 901 out of 1000
epoch 902 out of 1000
epoch 903 out of 1000
epoch 904 out of 1000
epoch 905 out of 1000
epoch 906 out of 1000
epoch 907 out of 1000
epoch 908 out of 1000
epoch 909 out of 1000
epoch 910 out of 1000
epoch 911 out of 1000
epoch 912 out of 1000
epoch 913 out of 1000
epoch 914 out of 1000
epoch 915 out of 1000
epoch 916 out of 1000
epoch 917 out of 1000
epoch 918 out of 1000
epoch 919 out of 1000
epoch 920 out of 1000
epoch 921 out of 1000
epoch 922 out of 1000
epoch 923 out of 1000
epoch 924 out of 1000
epoch 925 out of 1000
epoch 926 out of 1000
epoch 927 out of 1000
epoch 928 out of 1000
epoch 929 out of 1000
epoch 930 out of 1000
epoch 931 out of 1000
epoch 932 out of 1000
epoch 933 out of 1000
epoch 934 out of 1000
epoch 935 out of 1000
epoch 936 out of 1000
epoch 937 out of 1000
epoch 938 out of 1000
epoch 939 out of 1000
epoch 940 out of 1000
epoch 941 out of 1000
epoch 942 out of 1000
epoch 943 out of 1000
epoch 944 out of 1000
epoch 945 out of 1000
epoch 946 out of 1000
epoch 947 out of 1000
epoch 948 out of 1000
epoch 949 out of 1000
epoch 950 out of 1000
epoch 951 out of 1000
epoch 952 out of 1000
epoch 953 out of 1000
epoch 954 out of 1000
epoch 955 out of 1000
epoch 956 out of 1000
epoch 957 out of 1000
epoch 958 out of 1000
epoch 959 out of 1000
epoch 960 out of 1000
epoch 961 out of 1000
epoch 962 out of 1000
epoch 963 out of 1000
epoch 964 out of 1000
epoch 965 out of 1000
epoch 966 out of 1000
epoch 967 out of 1000
epoch 968 out of 1000
epoch 969 out of 1000
epoch 970 out of 1000
epoch 971 out of 1000
epoch 972 out of 1000
epoch 973 out of 1000
epoch 974 out of 1000
epoch 975 out of 1000
epoch 976 out of 1000
epoch 977 out of 1000
epoch 978 out of 1000
epoch 979 out of 1000
epoch 980 out of 1000
epoch 981 out of 1000
epoch 982 out of 1000
epoch 983 out of 1000
epoch 984 out of 1000
epoch 985 out of 1000
epoch 986 out of 1000
epoch 987 out of 1000
epoch 988 out of 1000
epoch 989 out of 1000
epoch 990 out of 1000
epoch 991 out of 1000
epoch 992 out of 1000
epoch 993 out of 1000
epoch 994 out of 1000
epoch 995 out of 1000
epoch 996 out of 1000
epoch 997 out of 1000
epoch 998 out of 1000
epoch 999 out of 1000
epoch 1000 out of 1000
Saving model and optimizer state at epoch 1000 to ./output/FastPitch_checkpoint_1000.pt
wandb: - 0.000 MB of 0.000 MB uploadedwandb:                                                                                
wandb: 
wandb: Run history:
wandb:               benchmark_epochs_num ▁
wandb:                  dur-loss/dur_loss ██▆▄▃▃▃▃▂▂▂▂▂▂▂▂▂▂▂▂▂▁▂▂▂▁▁▁▁▁▁▁▁▁▁▁▁▁▁▁
wandb:            dur-loss/epoch_dur_loss █▅▄▃▃▃▂▂▂▂▂▂▂▂▂▂▁▁▁▁▁▁▁▁▁▁▁▁▁▁▁▁▁▁▁▁▁▁▁▁
wandb:      dur-loss/validation-dur-error █▃▂▂▂▂▂▂▂▂▂▂▂▂▂▂▁▁▁▁▁▁▁▁▁▁▁▁▁▁▁▁▁▁▁▁▁▁▁▁
wandb:            energy-loss/energy_loss █▇▇▇▇▇▇▇▇▇▆▆▆▆▄▂▁▂▁▁▁▁▁▁▁▂▁▁▁▁▁▁▁▁▁▁▁▁▁▁
wandb:      energy-loss/epoch_energy_loss █▇▇▇▆▆▆▆▆▆▆▆▆▆▃▂▁▁▁▁▁▁▁▁▁▁▁▁▁▁▁▁▁▁▁▁▁▁▁▁
wandb: energy-loss/validation-energy-loss █▃▁▁▁▁▂▂▂▂▂▂▂▂▂▂▃▂▃▃▃▃▃▄▃▃▃▃▃▃▄▄▄▄▃▃▄▄▄▄
wandb:                              epoch ▁▁▁▁▂▂▂▂▂▃▃▃▃▃▃▄▄▄▄▄▅▅▅▅▅▅▆▆▆▆▆▇▇▇▇▇▇███
wandb:                 epoch_frames per s ▆▆▆▆▇▄██▅▆▅▅▆▆▆▅▅▅▇▄▇▇▆▇▃▅▇▆▄▄▂▅▅▅▃▄▁▄▅▄
wandb:                         epoch_iter ▂▃▄▆▁▃▅▇▁▃▅▇▁▃▄▆█▂▄▆█▃▄▆▁▃▅▆▇▂▄▆█▂▄▆█▂▄▆
wandb:                         epoch_took ▃▃▃▃▂▅▁▁▄▃▄▄▃▃▃▄▄▄▂▅▂▂▃▂▅▄▂▃▅▅▇▄▄▄▆▅█▅▄▅
wandb:                       frames per s ▂▃▆▆▆▅▄█▄▆▄▅▆▆▅▅▃▂▅▆▁▄▃▅█▅█▄▁▂▂▁▃▃▄▄▅▃▂▄
wandb:                           frames/s ▁
wandb:                            kl_loss ▁▃▅▆██▇▇▇▆▅▆▆▇▆▇▆▅▆▆▅▅▆▆▅▇▅▆▅▅▆▅▆▆▅▅▆▇▄▆
wandb:                          kl_weight ▁▂▄▆████████████████████████████████████
wandb:                               loss ▁
wandb:                    loss/epoch_loss █▄▄▄▄▃▃▃▃▂▂▂▂▂▂▂▂▂▂▂▂▂▁▁▁▁▁▁▁▁▁▁▁▁▁▁▁▁▁▁
wandb:                          loss/loss ███▆█▇▅▇▆▅▄▅▄▆▅▆▄▂▅▅▃▃▃▅▅▅▅▄▃▂▃▂▄▄▂▃▄▄▁▃
wandb:               loss/validation-loss █▃▃▂▂▂▂▂▂▂▂▂▁▁▁▁▁▁▁▁▁▁▁▁▁▁▁▁▁▁▁▁▁▁▁▁▁▁▁▁
wandb:                              lrate █▆▄▃▃▃▂▂▂▂▂▂▂▂▂▂▂▁▁▁▁▁▁▁▁▁▁▁▁▁▁▁▁▁▁▁▁▁▁▁
wandb:            mel-loss/epoch_mel_loss █▅▄▃▃▃▂▂▂▂▂▂▂▂▂▂▂▁▁▁▁▁▁▁▁▁▁▁▁▁▁▁▁▁▁▁▁▁▁▁
wandb:                  mel-loss/mel_loss █▆▅▄▃▃▃▃▂▂▂▂▂▂▂▂▂▂▂▂▂▁▁▁▁▁▁▁▁▁▁▁▁▁▁▁▁▁▁▁
wandb:       mel-loss/validation-mel-loss █▂▁▁▁▁▁▁▁▂▂▂▂▂▂▂▂▂▂▂▂▂▂▂▂▂▂▂▂▂▂▂▂▂▂▂▂▂▂▂
wandb:                           mel_loss ▁
wandb:                          num_iters ▁▁▁▁▁▁▁▁▁▁▁▁▁▁▁▁▁▁▁▁▁▁▁▁▁▁▁▁▁▁▁▁▁▁▁▁▁▁▁▁
wandb:        pitch-loss/epoch_pitch_loss █▅▃▂▂▂▂▂▁▁▁▁▁▁▁▁▁▁▁▁▁▁▁▁▁▁▁▁▁▁▁▁▁▁▁▁▁▁▁▁
wandb:              pitch-loss/pitch_loss █▆▄▃▃▂▂▂▂▂▂▂▂▁▁▁▁▁▁▁▁▁▁▁▁▁▁▁▁▁▁▁▁▁▁▁▁▁▁▁
wandb:   pitch-loss/validation-pitch-loss █▁▁▂▂▃▃▃▂▃▃▃▃▃▃▃▃▂▃▂▃▃▃▂▂▃▂▂▂▂▂▂▂▂▂▂▂▂▂▂
wandb:                         pitch_mean ▁
wandb:                          pitch_std ▁
wandb:                               took ▂▃▅▁▄▄▆▂▄▂▃▄▆█▄▆▄▃▅▄▃▅▄▃▂▅▄▃▇▃▃▃▇▆▃▂▅▂▃▅
wandb:                        total_steps ▁▁▁▁▂▂▂▂▂▃▃▃▃▃▃▄▄▄▄▄▅▅▅▅▅▅▆▆▆▆▆▇▇▇▇▇▇███
wandb:            validation-frames per s ▅▆▇▁██▅▃▅▅▆▇▅▇▆▅▅▇▆▇▇▄▇▅▅▃▇▅▄▅▆▇▆▆▃▄▁▃▄▁
wandb:                    validation-took ▄▂▂█▁▁▃▅▄▄▃▂▄▂▃▄▃▂▃▂▂▅▂▄▃▆▂▃▅▃▃▂▃▃▆▅█▆▅█
wandb: 
wandb: Run summary:
wandb:               benchmark_epochs_num 20
wandb:                  dur-loss/dur_loss 0.03423
wandb:            dur-loss/epoch_dur_loss 13.49991
wandb:      dur-loss/validation-dur-error 0.12081
wandb:            energy-loss/energy_loss 0.00259
wandb:      energy-loss/epoch_energy_loss 1.06172
wandb: energy-loss/validation-energy-loss 0.00484
wandb:                              epoch 1000
wandb:                 epoch_frames per s 32336.8239
wandb:                         epoch_iter 390
wandb:                         epoch_took 218.75191
wandb:                       frames per s 28659.43486
wandb:                           frames/s 32180.52194
wandb:                            kl_loss 0.22354
wandb:                          kl_weight 1.0
wandb:                               loss 2.8342
wandb:                    loss/epoch_loss 2.83309
wandb:                          loss/loss 2.87612
wandb:               loss/validation-loss 3.01047
wandb:                              lrate 0.00016
wandb:            mel-loss/epoch_mel_loss 0.18348
wandb:                  mel-loss/mel_loss 0.18425
wandb:       mel-loss/validation-mel-loss 0.43421
wandb:                           mel_loss 0.18366
wandb:                          num_iters 390
wandb:        pitch-loss/epoch_pitch_loss 14.04408
wandb:              pitch-loss/pitch_loss 0.03471
wandb:   pitch-loss/validation-pitch-loss 0.57645
wandb:                         pitch_mean 214.72203
wandb:                          pitch_std 65.72038
wandb:                               took 219.81944
wandb:                        total_steps 390000
wandb:            validation-frames per s 160.35525
wandb:                    validation-took 13.68212
wandb: 
wandb: You can sync this run to the cloud by running:
wandb: wandb sync ./output/wandb/offline-run-20240614_165239-qikbmnwi
wandb: Find logs at: ./output/wandb/offline-run-20240614_165239-qikbmnwi/logs
Job finished on Mon Jun 17 09:50:02 BST 2024
